<?xml version="1.0" encoding="UTF-8"?>
<testng-results ignored="0" total="3" passed="3" failed="0" skipped="0">
  <reporter-output>
  </reporter-output>
  <suite started-at="2024-10-13T00:35:25 IST" name="Surefire suite" finished-at="2024-10-13T00:35:26 IST" duration-ms="47">
    <groups>
    </groups>
    <test started-at="2024-10-13T00:35:25 IST" name="Surefire test" finished-at="2024-10-13T00:35:26 IST" duration-ms="47">
      <class name="TestCases">
        <test-method signature="testAdd()[pri:0, instance:TestCases@25b485ba]" started-at="2024-10-13T00:35:25 IST" name="testAdd" finished-at="2024-10-13T00:35:26 IST" duration-ms="7" status="PASS">
          <reporter-output>
          </reporter-output>
        </test-method> <!-- testAdd -->
        <test-method signature="testFailedAdd()[pri:0, instance:TestCases@25b485ba]" started-at="2024-10-13T00:35:26 IST" name="testFailedAdd" finished-at="2024-10-13T00:35:26 IST" duration-ms="0" status="PASS">
          <reporter-output>
          </reporter-output>
        </test-method> <!-- testFailedAdd -->
        <test-method signature="testSub()[pri:0, instance:TestCases@25b485ba]" started-at="2024-10-13T00:35:26 IST" name="testSub" finished-at="2024-10-13T00:35:26 IST" duration-ms="0" status="PASS">
          <reporter-output>
          </reporter-output>
        </test-method> <!-- testSub -->
      </class> <!-- TestCases -->
    </test> <!-- Surefire test -->
  </suite> <!-- Surefire suite -->
</testng-results>
